# JRE version: Java(TM) SE Runtime Environment (8.0_111-b14) (build 1.8.0_111-b14)
# Java VM: Java HotSpot(TM) 64-Bit Server VM (25.111-b14 mixed mode windows-amd64 compressed oops)
Heap:
 PSYoungGen      total 71680K, used 45311K [0x00000000d5f00000, 0x00000000daa00000, 0x0000000100000000)
  eden space 66560K, 68% used [0x00000000d5f00000,0x00000000d8b3ff80,0x00000000da000000)
  from space 5120K, 0% used [0x00000000da500000,0x00000000da500000,0x00000000daa00000)
  to   space 5120K, 0% used [0x00000000da000000,0x00000000da000000,0x00000000da500000)
 ParOldGen       total 119808K, used 28660K [0x0000000081c00000, 0x0000000089100000, 0x00000000d5f00000)
  object space 119808K, 23% used [0x0000000081c00000,0x00000000837fd258,0x0000000089100000)
 Metaspace       used 18606K, capacity 18906K, committed 19072K, reserved 1067008K
  class space    used 2257K, capacity 2367K, committed 2432K, reserved 1048576K
GC Heap History (6 events):
Event: 1.669 GC heap before
{Heap before GC invocations=1 (full 0):
 PSYoungGen      total 38400K, used 30680K [0x00000000d5f00000, 0x00000000d8980000, 0x0000000100000000)
  eden space 33280K, 92% used [0x00000000d5f00000,0x00000000d7cf6070,0x00000000d7f80000)
  from space 5120K, 0% used [0x00000000d8480000,0x00000000d8480000,0x00000000d8980000)
  to   space 5120K, 0% used [0x00000000d7f80000,0x00000000d7f80000,0x00000000d8480000)
 ParOldGen       total 87552K, used 0K [0x0000000081c00000, 0x0000000087180000, 0x00000000d5f00000)
  object space 87552K, 0% used [0x0000000081c00000,0x0000000081c00000,0x0000000087180000)
 Metaspace       used 10070K, capacity 10260K, committed 10624K, reserved 1058816K
  class space    used 1185K, capacity 1286K, committed 1408K, reserved 1048576K
Event: 1.767 GC heap after
Heap after GC invocations=1 (full 0):
 PSYoungGen      total 38400K, used 4767K [0x00000000d5f00000, 0x00000000daa00000, 0x0000000100000000)
  eden space 33280K, 0% used [0x00000000d5f00000,0x00000000d5f00000,0x00000000d7f80000)
  from space 5120K, 93% used [0x00000000d7f80000,0x00000000d8427f80,0x00000000d8480000)
  to   space 5120K, 0% used [0x00000000da500000,0x00000000da500000,0x00000000daa00000)
 ParOldGen       total 87552K, used 14957K [0x0000000081c00000, 0x0000000087180000, 0x00000000d5f00000)
  object space 87552K, 17% used [0x0000000081c00000,0x0000000082a9b5d0,0x0000000087180000)
 Metaspace       used 10070K, capacity 10260K, committed 10624K, reserved 1058816K
  class space    used 1185K, capacity 1286K, committed 1408K, reserved 1048576K
}
Event: 28.841 GC heap before
{Heap before GC invocations=2 (full 0):
 PSYoungGen      total 38400K, used 38047K [0x00000000d5f00000, 0x00000000daa00000, 0x0000000100000000)
  eden space 33280K, 100% used [0x00000000d5f00000,0x00000000d7f80000,0x00000000d7f80000)
  from space 5120K, 93% used [0x00000000d7f80000,0x00000000d8427f80,0x00000000d8480000)
  to   space 5120K, 0% used [0x00000000da500000,0x00000000da500000,0x00000000daa00000)
 ParOldGen       total 87552K, used 14957K [0x0000000081c00000, 0x0000000087180000, 0x00000000d5f00000)
  object space 87552K, 17% used [0x0000000081c00000,0x0000000082a9b5d0,0x0000000087180000)
 Metaspace       used 10917K, capacity 11106K, committed 11392K, reserved 1058816K
  class space    used 1277K, capacity 1351K, committed 1408K, reserved 1048576K
Event: 28.902 GC heap after
Heap after GC invocations=2 (full 0):
 PSYoungGen      total 71680K, used 4895K [0x00000000d5f00000, 0x00000000daa00000, 0x0000000100000000)
  eden space 66560K, 0% used [0x00000000d5f00000,0x00000000d5f00000,0x00000000da000000)
  from space 5120K, 95% used [0x00000000da500000,0x00000000da9c7f60,0x00000000daa00000)
  to   space 5120K, 0% used [0x00000000da000000,0x00000000da000000,0x00000000da500000)
 ParOldGen       total 87552K, used 61672K [0x0000000081c00000, 0x0000000087180000, 0x00000000d5f00000)
  object space 87552K, 70% used [0x0000000081c00000,0x000000008583a390,0x0000000087180000)
 Metaspace       used 10917K, capacity 11106K, committed 11392K, reserved 1058816K
  class space    used 1277K, capacity 1351K, committed 1408K, reserved 1048576K
}
Event: 28.902 GC heap before
{Heap before GC invocations=3 (full 1):
 PSYoungGen      total 71680K, used 4895K [0x00000000d5f00000, 0x00000000daa00000, 0x0000000100000000)
  eden space 66560K, 0% used [0x00000000d5f00000,0x00000000d5f00000,0x00000000da000000)
  from space 5120K, 95% used [0x00000000da500000,0x00000000da9c7f60,0x00000000daa00000)
  to   space 5120K, 0% used [0x00000000da000000,0x00000000da000000,0x00000000da500000)
 ParOldGen       total 87552K, used 61672K [0x0000000081c00000, 0x0000000087180000, 0x00000000d5f00000)
  object space 87552K, 70% used [0x0000000081c00000,0x000000008583a390,0x0000000087180000)
 Metaspace       used 10917K, capacity 11106K, committed 11392K, reserved 1058816K
  class space    used 1277K, capacity 1351K, committed 1408K, reserved 1048576K
Event: 28.982 GC heap after
Heap after GC invocations=3 (full 1):
 PSYoungGen      total 71680K, used 0K [0x00000000d5f00000, 0x00000000daa00000, 0x0000000100000000)
  eden space 66560K, 0% used [0x00000000d5f00000,0x00000000d5f00000,0x00000000da000000)
  from space 5120K, 0% used [0x00000000da500000,0x00000000da500000,0x00000000daa00000)
  to   space 5120K, 0% used [0x00000000da000000,0x00000000da000000,0x00000000da500000)
 ParOldGen       total 119808K, used 28660K [0x0000000081c00000, 0x0000000089100000, 0x00000000d5f00000)
  object space 119808K, 23% used [0x0000000081c00000,0x00000000837fd258,0x0000000089100000)
 Metaspace       used 10917K, capacity 11106K, committed 11392K, reserved 1058816K
  class space    used 1277K, capacity 1351K, committed 1408K, reserved 1048576K
}

