# JRE version: Java(TM) SE Runtime Environment (8.0_111-b14) (build 1.8.0_111-b14)
# Java VM: Java HotSpot(TM) 64-Bit Server VM (25.111-b14 mixed mode windows-amd64 compressed oops)
Heap:
 PSYoungGen      total 71680K, used 10267K [0x00000000d5f00000, 0x00000000dad80000, 0x0000000100000000)
  eden space 66560K, 7% used [0x00000000d5f00000,0x00000000d640e618,0x00000000da000000)
  from space 5120K, 99% used [0x00000000da000000,0x00000000da4f8628,0x00000000da500000)
  to   space 5120K, 0% used [0x00000000da880000,0x00000000da880000,0x00000000dad80000)
 ParOldGen       total 114688K, used 44679K [0x0000000081c00000, 0x0000000088c00000, 0x00000000d5f00000)
  object space 114688K, 38% used [0x0000000081c00000,0x00000000847a1c98,0x0000000088c00000)
 Metaspace       used 10402K, capacity 10552K, committed 10880K, reserved 1058816K
  class space    used 1226K, capacity 1318K, committed 1408K, reserved 1048576K
GC Heap History (8 events):
Event: 1.155 GC heap before
{Heap before GC invocations=1 (full 0):
 PSYoungGen      total 38400K, used 33280K [0x00000000d5f00000, 0x00000000d8980000, 0x0000000100000000)
  eden space 33280K, 100% used [0x00000000d5f00000,0x00000000d7f80000,0x00000000d7f80000)
  from space 5120K, 0% used [0x00000000d8480000,0x00000000d8480000,0x00000000d8980000)
  to   space 5120K, 0% used [0x00000000d7f80000,0x00000000d7f80000,0x00000000d8480000)
 ParOldGen       total 87552K, used 0K [0x0000000081c00000, 0x0000000087180000, 0x00000000d5f00000)
  object space 87552K, 0% used [0x0000000081c00000,0x0000000081c00000,0x0000000087180000)
 Metaspace       used 7643K, capacity 7808K, committed 7936K, reserved 1056768K
  class space    used 883K, capacity 962K, committed 1024K, reserved 1048576K
Event: 1.199 GC heap after
Heap after GC invocations=1 (full 0):
 PSYoungGen      total 38400K, used 1472K [0x00000000d5f00000, 0x00000000daa00000, 0x0000000100000000)
  eden space 33280K, 0% used [0x00000000d5f00000,0x00000000d5f00000,0x00000000d7f80000)
  from space 5120K, 28% used [0x00000000d7f80000,0x00000000d80f0000,0x00000000d8480000)
  to   space 5120K, 0% used [0x00000000da500000,0x00000000da500000,0x00000000daa00000)
 ParOldGen       total 87552K, used 48008K [0x0000000081c00000, 0x0000000087180000, 0x00000000d5f00000)
  object space 87552K, 54% used [0x0000000081c00000,0x0000000084ae2030,0x0000000087180000)
 Metaspace       used 7643K, capacity 7808K, committed 7936K, reserved 1056768K
  class space    used 883K, capacity 962K, committed 1024K, reserved 1048576K
}
Event: 1.199 GC heap before
{Heap before GC invocations=2 (full 1):
 PSYoungGen      total 38400K, used 1472K [0x00000000d5f00000, 0x00000000daa00000, 0x0000000100000000)
  eden space 33280K, 0% used [0x00000000d5f00000,0x00000000d5f00000,0x00000000d7f80000)
  from space 5120K, 28% used [0x00000000d7f80000,0x00000000d80f0000,0x00000000d8480000)
  to   space 5120K, 0% used [0x00000000da500000,0x00000000da500000,0x00000000daa00000)
 ParOldGen       total 87552K, used 48008K [0x0000000081c00000, 0x0000000087180000, 0x00000000d5f00000)
  object space 87552K, 54% used [0x0000000081c00000,0x0000000084ae2030,0x0000000087180000)
 Metaspace       used 7643K, capacity 7808K, committed 7936K, reserved 1056768K
  class space    used 883K, capacity 962K, committed 1024K, reserved 1048576K
Event: 1.239 GC heap after
Heap after GC invocations=2 (full 1):
 PSYoungGen      total 38400K, used 0K [0x00000000d5f00000, 0x00000000daa00000, 0x0000000100000000)
  eden space 33280K, 0% used [0x00000000d5f00000,0x00000000d5f00000,0x00000000d7f80000)
  from space 5120K, 0% used [0x00000000d7f80000,0x00000000d7f80000,0x00000000d8480000)
  to   space 5120K, 0% used [0x00000000da500000,0x00000000da500000,0x00000000daa00000)
 ParOldGen       total 114688K, used 17345K [0x0000000081c00000, 0x0000000088c00000, 0x00000000d5f00000)
  object space 114688K, 15% used [0x0000000081c00000,0x0000000082cf04f8,0x0000000088c00000)
 Metaspace       used 7643K, capacity 7808K, committed 7936K, reserved 1056768K
  class space    used 883K, capacity 962K, committed 1024K, reserved 1048576K
}
Event: 2.119 GC heap before
{Heap before GC invocations=3 (full 1):
 PSYoungGen      total 38400K, used 31418K [0x00000000d5f00000, 0x00000000daa00000, 0x0000000100000000)
  eden space 33280K, 94% used [0x00000000d5f00000,0x00000000d7dae998,0x00000000d7f80000)
  from space 5120K, 0% used [0x00000000d7f80000,0x00000000d7f80000,0x00000000d8480000)
  to   space 5120K, 0% used [0x00000000da500000,0x00000000da500000,0x00000000daa00000)
 ParOldGen       total 114688K, used 17345K [0x0000000081c00000, 0x0000000088c00000, 0x00000000d5f00000)
  object space 114688K, 15% used [0x0000000081c00000,0x0000000082cf04f8,0x0000000088c00000)
 Metaspace       used 8141K, capacity 8256K, committed 8576K, reserved 1056768K
  class space    used 950K, capacity 1026K, committed 1152K, reserved 1048576K
Event: 2.133 GC heap after
Heap after GC invocations=3 (full 1):
 PSYoungGen      total 53248K, used 4672K [0x00000000d5f00000, 0x00000000daa00000, 0x0000000100000000)
  eden space 48128K, 0% used [0x00000000d5f00000,0x00000000d5f00000,0x00000000d8e00000)
  from space 5120K, 91% used [0x00000000da500000,0x00000000da990218,0x00000000daa00000)
  to   space 5120K, 0% used [0x00000000da000000,0x00000000da000000,0x00000000da500000)
 ParOldGen       total 114688K, used 32341K [0x0000000081c00000, 0x0000000088c00000, 0x00000000d5f00000)
  object space 114688K, 28% used [0x0000000081c00000,0x0000000083b95448,0x0000000088c00000)
 Metaspace       used 8141K, capacity 8256K, committed 8576K, reserved 1056768K
  class space    used 950K, capacity 1026K, committed 1152K, reserved 1048576K
}
Event: 3.794 GC heap before
{Heap before GC invocations=4 (full 1):
 PSYoungGen      total 53248K, used 49781K [0x00000000d5f00000, 0x00000000daa00000, 0x0000000100000000)
  eden space 48128K, 93% used [0x00000000d5f00000,0x00000000d8b0d1f8,0x00000000d8e00000)
  from space 5120K, 91% used [0x00000000da500000,0x00000000da990218,0x00000000daa00000)
  to   space 5120K, 0% used [0x00000000da000000,0x00000000da000000,0x00000000da500000)
 ParOldGen       total 114688K, used 32341K [0x0000000081c00000, 0x0000000088c00000, 0x00000000d5f00000)
  object space 114688K, 28% used [0x0000000081c00000,0x0000000083b95448,0x0000000088c00000)
 Metaspace       used 10153K, capacity 10328K, committed 10624K, reserved 1058816K
  class space    used 1195K, capacity 1286K, committed 1408K, reserved 1048576K
Event: 3.848 GC heap after
Heap after GC invocations=4 (full 1):
 PSYoungGen      total 71680K, used 5089K [0x00000000d5f00000, 0x00000000dad80000, 0x0000000100000000)
  eden space 66560K, 0% used [0x00000000d5f00000,0x00000000d5f00000,0x00000000da000000)
  from space 5120K, 99% used [0x00000000da000000,0x00000000da4f8628,0x00000000da500000)
  to   space 5120K, 0% used [0x00000000da880000,0x00000000da880000,0x00000000dad80000)
 ParOldGen       total 114688K, used 44679K [0x0000000081c00000, 0x0000000088c00000, 0x00000000d5f00000)
  object space 114688K, 38% used [0x0000000081c00000,0x00000000847a1c98,0x0000000088c00000)
 Metaspace       used 10153K, capacity 10328K, committed 10624K, reserved 1058816K
  class space    used 1195K, capacity 1286K, committed 1408K, reserved 1048576K
}

